<?xml version="1.0" encoding="UTF-8"?>
<!-- Generated by org.testng.reporters.JUnitReportReporter -->
<testsuite hostname="BAKRGOUTH" failures="0" tests="1" name="com.tecnotree.automatiom.testcases.bulksServices.Rest.Rest" time="27.216" errors="0" timestamp="2023-12-20T15:11:33 IST" skipped="0">
  <testcase classname="com.tecnotree.automatiom.testcases.bulksServices.Rest.Rest" name="Processedfolder" time="27.216"/>
</testsuite> <!-- com.tecnotree.automatiom.testcases.bulksServices.Rest.Rest -->
