<?xml version="1.0" encoding="UTF-8"?>
<!-- Generated by org.testng.reporters.JUnitReportReporter -->
<testsuite hostname="BAKRGOUTH" failures="0" tests="3" name="com.tecnotree.automatiom.File.Upload.Service.Test_012_FolderDoesntExists" time="37.072" errors="0" timestamp="2024-06-25T10:18:36 IST" skipped="0">
  <testcase classname="com.tecnotree.automatiom.File.Upload.Service.Test_012_FolderDoesntExists" name="testMasterDataUpdateLocalIPS" time="6.706"/>
  <system-out>
    <![CDATA[ALL
ALL]]>
  </system-out>
  <testcase classname="com.tecnotree.automatiom.File.Upload.Service.Test_012_FolderDoesntExists" name="testMasterDataUpdateLocalIPAndPort" time="20.424"/>
  <system-out>
    <![CDATA[ALL
ALL]]>
  </system-out>
  <testcase classname="com.tecnotree.automatiom.File.Upload.Service.Test_012_FolderDoesntExists" name="testMasterDataUpdateBulkIP" time="9.942"/>
  <system-out>
    <![CDATA[ALL
ALL]]>
  </system-out>
</testsuite> <!-- com.tecnotree.automatiom.File.Upload.Service.Test_012_FolderDoesntExists -->
