<?xml version="1.0" encoding="UTF-8"?>
<!-- Generated by org.testng.reporters.JUnitReportReporter -->
<testsuite hostname="BAKRGOUTH" failures="0" tests="1" name="com.tecnotree.automatiom.testcases.bulksServices.Resttestcases.Processed" time="30.321" errors="0" timestamp="2023-12-29T14:53:49 IST" skipped="0">
  <testcase classname="com.tecnotree.automatiom.testcases.bulksServices.Resttestcases.Processed" name="Processedfolder" time="30.321"/>
</testsuite> <!-- com.tecnotree.automatiom.testcases.bulksServices.Resttestcases.Processed -->
