<?xml version="1.0" encoding="UTF-8"?>
<!-- Generated by org.testng.reporters.JUnitReportReporter -->
<testsuite hostname="BAKRGOUTH" failures="0" tests="1" name="com.tecnotree.automatiom.File.Upload.Service.Test007" time="34.638" errors="0" timestamp="2024-04-22T17:49:18 IST" skipped="0">
  <testcase classname="com.tecnotree.automatiom.File.Upload.Service.Test007" name="testMasterDataUpdateLocalIPAndPort" time="34.638"/>
</testsuite> <!-- com.tecnotree.automatiom.File.Upload.Service.Test007 -->
