<?xml version="1.0" encoding="UTF-8"?>
<!-- Generated by org.testng.reporters.JUnitReportReporter -->
<testsuite hostname="BAKRGOUTH" failures="0" tests="1" name="com.tecnotree.automatiom.testcases.bulksServices.Resttestcases.All_Mandatory_Fields_Compress_File" time="32.405" errors="0" timestamp="2024-01-16T15:33:04 IST" skipped="0">
  <testcase classname="com.tecnotree.automatiom.testcases.bulksServices.Resttestcases.All_Mandatory_Fields_Compress_File" name="All_Mandatory_Fields" time="32.405"/>
</testsuite> <!-- com.tecnotree.automatiom.testcases.bulksServices.Resttestcases.All_Mandatory_Fields_Compress_File -->
