<?xml version="1.0" encoding="UTF-8"?>
<!-- Generated by org.testng.reporters.JUnitReportReporter -->
<testsuite hostname="BAKRGOUTH" failures="0" tests="6" name="test.CsvDataProvider" time="0.042" errors="0" timestamp="2023-12-28T15:48:09 IST" skipped="0">
  <testcase classname="test.CsvDataProvider" name="testMethod2" time="0.004"/>
  <testcase classname="test.CsvDataProvider" name="testMethod1" time="0.005"/>
  <testcase classname="test.CsvDataProvider" name="testMethod" time="0.020"/>
  <testcase classname="test.CsvDataProvider" name="testMethod1" time="0.005"/>
  <testcase classname="test.CsvDataProvider" name="testMethod" time="0.004"/>
  <testcase classname="test.CsvDataProvider" name="testMethod2" time="0.004"/>
</testsuite> <!-- test.CsvDataProvider -->
