<?xml version="1.0" encoding="UTF-8"?>
<!-- Generated by org.testng.reporters.JUnitReportReporter -->
<testsuite hostname="BAKRGOUTH" failures="0" tests="13" name="com.tecnotree.automatiom.utilities.ExcelDataProviderTest" time="0.031" errors="0" timestamp="2024-08-12T11:12:56 IST" skipped="0">
  <testcase classname="com.tecnotree.automatiom.utilities.ExcelDataProviderTest" name="publ" time="0.001"/>
  <system-out/>
  <testcase classname="com.tecnotree.automatiom.utilities.ExcelDataProviderTest" name="publ" time="0.001"/>
  <system-out/>
  <testcase classname="com.tecnotree.automatiom.utilities.ExcelDataProviderTest" name="publ" time="0.002"/>
  <system-out/>
  <testcase classname="com.tecnotree.automatiom.utilities.ExcelDataProviderTest" name="publ" time="0.002"/>
  <system-out/>
  <testcase classname="com.tecnotree.automatiom.utilities.ExcelDataProviderTest" name="publ" time="0.010"/>
  <system-out/>
  <testcase classname="com.tecnotree.automatiom.utilities.ExcelDataProviderTest" name="publ" time="0.003"/>
  <system-out/>
  <testcase classname="com.tecnotree.automatiom.utilities.ExcelDataProviderTest" name="publ" time="0.001"/>
  <system-out/>
  <testcase classname="com.tecnotree.automatiom.utilities.ExcelDataProviderTest" name="publ" time="0.001"/>
  <system-out/>
  <testcase classname="com.tecnotree.automatiom.utilities.ExcelDataProviderTest" name="publ" time="0.002"/>
  <system-out/>
  <testcase classname="com.tecnotree.automatiom.utilities.ExcelDataProviderTest" name="publ" time="0.003"/>
  <system-out/>
  <testcase classname="com.tecnotree.automatiom.utilities.ExcelDataProviderTest" name="publ" time="0.003"/>
  <system-out/>
  <testcase classname="com.tecnotree.automatiom.utilities.ExcelDataProviderTest" name="publ" time="0.001"/>
  <system-out/>
  <testcase classname="com.tecnotree.automatiom.utilities.ExcelDataProviderTest" name="publ" time="0.001"/>
  <system-out/>
</testsuite> <!-- com.tecnotree.automatiom.utilities.ExcelDataProviderTest -->
