<?xml version="1.0" encoding="UTF-8"?>
<!-- Generated by org.testng.reporters.JUnitReportReporter -->
<testsuite hostname="BAKRGOUTH" failures="0" tests="15" name="com.tecnotree.automatiom.File.Upload.Service.Test_006_port_22_1_wrongPath" time="260.744" errors="0" timestamp="2024-06-25T10:18:36 IST" skipped="0">
  <testcase classname="com.tecnotree.automatiom.File.Upload.Service.Test_006_port_22_1_wrongPath" name="HTML" time="17.921"/>
  <system-out>
    <![CDATA[ALL]]>
  </system-out>
  <testcase classname="com.tecnotree.automatiom.File.Upload.Service.Test_006_port_22_1_wrongPath" name="YMAL" time="16.288"/>
  <system-out>
    <![CDATA[ALL]]>
  </system-out>
  <testcase classname="com.tecnotree.automatiom.File.Upload.Service.Test_006_port_22_1_wrongPath" name="ZIP" time="17.863"/>
  <system-out>
    <![CDATA[ALL]]>
  </system-out>
  <testcase classname="com.tecnotree.automatiom.File.Upload.Service.Test_006_port_22_1_wrongPath" name="TXT" time="17.753"/>
  <system-out>
    <![CDATA[ALL]]>
  </system-out>
  <testcase classname="com.tecnotree.automatiom.File.Upload.Service.Test_006_port_22_1_wrongPath" name="JPG" time="17.790"/>
  <system-out>
    <![CDATA[ALL]]>
  </system-out>
  <testcase classname="com.tecnotree.automatiom.File.Upload.Service.Test_006_port_22_1_wrongPath" name="SevenZFile" time="16.796"/>
  <system-out>
    <![CDATA[ALL]]>
  </system-out>
  <testcase classname="com.tecnotree.automatiom.File.Upload.Service.Test_006_port_22_1_wrongPath" name="DMN" time="18.100"/>
  <system-out>
    <![CDATA[ALL]]>
  </system-out>
  <testcase classname="com.tecnotree.automatiom.File.Upload.Service.Test_006_port_22_1_wrongPath" name="XLX" time="16.628"/>
  <system-out>
    <![CDATA[ALL]]>
  </system-out>
  <testcase classname="com.tecnotree.automatiom.File.Upload.Service.Test_006_port_22_1_wrongPath" name="JSON" time="16.639"/>
  <system-out>
    <![CDATA[ALL]]>
  </system-out>
  <testcase classname="com.tecnotree.automatiom.File.Upload.Service.Test_006_port_22_1_wrongPath" name="tar" time="20.336"/>
  <system-out>
    <![CDATA[ALL]]>
  </system-out>
  <testcase classname="com.tecnotree.automatiom.File.Upload.Service.Test_006_port_22_1_wrongPath" name="CSV" time="16.494"/>
  <system-out>
    <![CDATA[ALL]]>
  </system-out>
  <testcase classname="com.tecnotree.automatiom.File.Upload.Service.Test_006_port_22_1_wrongPath" name="JPEG" time="17.122"/>
  <system-out>
    <![CDATA[ALL]]>
  </system-out>
  <testcase classname="com.tecnotree.automatiom.File.Upload.Service.Test_006_port_22_1_wrongPath" name="PNG" time="18.413"/>
  <system-out>
    <![CDATA[ALL]]>
  </system-out>
  <testcase classname="com.tecnotree.automatiom.File.Upload.Service.Test_006_port_22_1_wrongPath" name="BPMN" time="15.983"/>
  <system-out>
    <![CDATA[ALL]]>
  </system-out>
  <testcase classname="com.tecnotree.automatiom.File.Upload.Service.Test_006_port_22_1_wrongPath" name="SQl" time="16.618"/>
  <system-out>
    <![CDATA[ALL]]>
  </system-out>
</testsuite> <!-- com.tecnotree.automatiom.File.Upload.Service.Test_006_port_22_1_wrongPath -->
