<?xml version="1.0" encoding="UTF-8"?>
<!-- Generated by org.testng.reporters.JUnitReportReporter -->
<testsuite hostname="BAKRGOUTH" failures="0" tests="1" name="com.tecnotree.automatiom.testcases.Notification" time="11.547" errors="0" timestamp="2023-12-26T20:54:08 IST" skipped="0">
  <testcase classname="com.tecnotree.automatiom.testcases.Notification" name="Test001" time="11.547"/>
</testsuite> <!-- com.tecnotree.automatiom.testcases.Notification -->
