<?xml version="1.0" encoding="UTF-8"?>
<!-- Generated by org.testng.reporters.JUnitReportReporter -->
<testsuite hostname="BAKRGOUTH" failures="0" tests="1" name="com.tecnotree.automatiom.jsondataprovide.requestpayload" time="0.096" errors="1" timestamp="2024-08-12T13:28:46 IST" skipped="0">
  <testcase classname="com.tecnotree.automatiom.jsondataprovide.requestpayload" name="dataproviders" time="0.096">
    <error message="
[public void com.tecnotree.automatiom.jsondataprovide.requestpayload.dataproviders(java.lang.String,java.lang.String)] has no parameters defined but was found to be using a data provider (either explicitly specified or inherited from class level annotation).
Data provider mismatch
Method: dataproviders([Parameter{index=0, type=java.lang.String, declaredAnnotations=[]}, Parameter{index=1, type=java.lang.String, declaredAnnotations=[]}])
Arguments: [(com.google.gson.JsonObject) {&quot;zip&quot;:true,&quot;password&quot;:234567,&quot;templateName&quot;:&quot;StartaCanada&quot;,&quot;attachmentType&quot;:&quot;CSV&quot;,&quot;parameters&quot;:{&quot;date&quot;:&quot;2024-02-01&quot;,&quot;restURL&quot;:true,&quot;dateandtime&quot;:&quot;2024-02-01&quot;,&quot;interger&quot;:23456}},(com.google.gson.JsonObject) {&quot;zip&quot;:true,&quot;password&quot;:234567,&quot;templateName&quot;:&quot;StartaCanada&quot;,&quot;attachmentType&quot;:&quot;CSV&quot;,&quot;parameters&quot;:{&quot;date&quot;:&quot;2024-02-01&quot;,&quot;restURL&quot;:true,&quot;dateandtime&quot;:&quot;2024-02-01&quot;,&quot;interger&quot;:23456}}]" type="org.testng.internal.reflect.MethodMatcherException">
      <![CDATA[org.testng.internal.reflect.MethodMatcherException: 
[public void com.tecnotree.automatiom.jsondataprovide.requestpayload.dataproviders(java.lang.String,java.lang.String)] has no parameters defined but was found to be using a data provider (either explicitly specified or inherited from class level annotation).
Data provider mismatch
Method: dataproviders([Parameter{index=0, type=java.lang.String, declaredAnnotations=[]}, Parameter{index=1, type=java.lang.String, declaredAnnotations=[]}])
Arguments: [(com.google.gson.JsonObject) {"zip":true,"password":234567,"templateName":"StartaCanada","attachmentType":"CSV","parameters":{"date":"2024-02-01","restURL":true,"dateandtime":"2024-02-01","interger":23456}},(com.google.gson.JsonObject) {"zip":true,"password":234567,"templateName":"StartaCanada","attachmentType":"CSV","parameters":{"date":"2024-02-01","restURL":true,"dateandtime":"2024-02-01","interger":23456}}]
at org.testng.internal.reflect.DataProviderMethodMatcher.getConformingArguments(DataProviderMethodMatcher.java:43)
at org.testng.internal.Parameters.injectParameters(Parameters.java:914)
at org.testng.internal.MethodRunner.runInSequence(MethodRunner.java:34)
at org.testng.internal.TestInvoker$MethodInvocationAgent.invoke(TestInvoker.java:824)
at org.testng.internal.TestInvoker.invokeTestMethods(TestInvoker.java:146)
at org.testng.internal.TestMethodWorker.invokeTestMethods(TestMethodWorker.java:146)
at org.testng.internal.TestMethodWorker.run(TestMethodWorker.java:128)
at java.base/java.util.ArrayList.forEach(ArrayList.java:1596)
at org.testng.TestRunner.privateRun(TestRunner.java:794)
at org.testng.TestRunner.run(TestRunner.java:596)
at org.testng.SuiteRunner.runTest(SuiteRunner.java:377)
at org.testng.SuiteRunner.runSequentially(SuiteRunner.java:371)
at org.testng.SuiteRunner.privateRun(SuiteRunner.java:332)
at org.testng.SuiteRunner.run(SuiteRunner.java:276)
at org.testng.SuiteRunnerWorker.runSuite(SuiteRunnerWorker.java:53)
at org.testng.SuiteRunnerWorker.run(SuiteRunnerWorker.java:96)
at org.testng.TestNG.runSuitesSequentially(TestNG.java:1212)
at org.testng.TestNG.runSuitesLocally(TestNG.java:1134)
at org.testng.TestNG.runSuites(TestNG.java:1063)
at org.testng.TestNG.run(TestNG.java:1031)
at org.testng.remote.AbstractRemoteTestNG.run(AbstractRemoteTestNG.java:115)
at org.testng.remote.RemoteTestNG.initAndRun(RemoteTestNG.java:293)
at org.testng.remote.RemoteTestNG.main(RemoteTestNG.java:91)
]]>
    </error>
  </testcase> <!-- dataproviders -->
  <system-out/>
</testsuite> <!-- com.tecnotree.automatiom.jsondataprovide.requestpayload -->
