<?xml version="1.0" encoding="UTF-8"?>
<!-- Generated by org.testng.reporters.JUnitReportReporter -->
<testsuite hostname="BAKRGOUTH" failures="0" tests="1" name="com.tecnotree.automatiom.Listerns.TestNGListernsManagers" time="0.342" errors="0" timestamp="2024-05-04T00:57:14 IST" skipped="0">
  <testcase classname="com.tecnotree.automatiom.Listerns.TestNGListernsManagers" name="tesss" time="0.342"/>
</testsuite> <!-- com.tecnotree.automatiom.Listerns.TestNGListernsManagers -->
