<?xml version="1.0" encoding="UTF-8"?>
<!-- Generated by org.testng.reporters.JUnitReportReporter -->
<testsuite hostname="BAKRGOUTH" failures="0" tests="15" name="com.tecnotree.automatiom.File.Upload.Service.Test_010_BDC_PElab_3_SubFolder" time="103.755" errors="0" timestamp="2024-06-25T10:18:36 IST" skipped="0">
  <testcase classname="com.tecnotree.automatiom.File.Upload.Service.Test_010_BDC_PElab_3_SubFolder" name="JSON" time="5.771"/>
  <system-out>
    <![CDATA[ALL]]>
  </system-out>
  <testcase classname="com.tecnotree.automatiom.File.Upload.Service.Test_010_BDC_PElab_3_SubFolder" name="CSV" time="5.305"/>
  <system-out>
    <![CDATA[ALL]]>
  </system-out>
  <testcase classname="com.tecnotree.automatiom.File.Upload.Service.Test_010_BDC_PElab_3_SubFolder" name="YMAL" time="5.258"/>
  <system-out>
    <![CDATA[ALL]]>
  </system-out>
  <testcase classname="com.tecnotree.automatiom.File.Upload.Service.Test_010_BDC_PElab_3_SubFolder" name="XLX" time="5.478"/>
  <system-out>
    <![CDATA[ALL]]>
  </system-out>
  <testcase classname="com.tecnotree.automatiom.File.Upload.Service.Test_010_BDC_PElab_3_SubFolder" name="tar" time="17.838"/>
  <system-out>
    <![CDATA[ALL]]>
  </system-out>
  <testcase classname="com.tecnotree.automatiom.File.Upload.Service.Test_010_BDC_PElab_3_SubFolder" name="PNG" time="4.959"/>
  <system-out>
    <![CDATA[ALL]]>
  </system-out>
  <testcase classname="com.tecnotree.automatiom.File.Upload.Service.Test_010_BDC_PElab_3_SubFolder" name="BPMN" time="5.043"/>
  <system-out>
    <![CDATA[ALL]]>
  </system-out>
  <testcase classname="com.tecnotree.automatiom.File.Upload.Service.Test_010_BDC_PElab_3_SubFolder" name="JPG" time="5.174"/>
  <system-out>
    <![CDATA[ALL]]>
  </system-out>
  <testcase classname="com.tecnotree.automatiom.File.Upload.Service.Test_010_BDC_PElab_3_SubFolder" name="TXT" time="5.857"/>
  <system-out>
    <![CDATA[ALL]]>
  </system-out>
  <testcase classname="com.tecnotree.automatiom.File.Upload.Service.Test_010_BDC_PElab_3_SubFolder" name="JPEG" time="5.185"/>
  <system-out>
    <![CDATA[ALL]]>
  </system-out>
  <testcase classname="com.tecnotree.automatiom.File.Upload.Service.Test_010_BDC_PElab_3_SubFolder" name="SQl" time="5.362"/>
  <system-out>
    <![CDATA[ALL]]>
  </system-out>
  <testcase classname="com.tecnotree.automatiom.File.Upload.Service.Test_010_BDC_PElab_3_SubFolder" name="HTML" time="5.174"/>
  <system-out>
    <![CDATA[ALL]]>
  </system-out>
  <testcase classname="com.tecnotree.automatiom.File.Upload.Service.Test_010_BDC_PElab_3_SubFolder" name="SevenZFile" time="7.027"/>
  <system-out>
    <![CDATA[ALL]]>
  </system-out>
  <testcase classname="com.tecnotree.automatiom.File.Upload.Service.Test_010_BDC_PElab_3_SubFolder" name="ZIP" time="15.112"/>
  <system-out>
    <![CDATA[ALL]]>
  </system-out>
  <testcase classname="com.tecnotree.automatiom.File.Upload.Service.Test_010_BDC_PElab_3_SubFolder" name="DMN" time="5.212"/>
  <system-out>
    <![CDATA[ALL]]>
  </system-out>
</testsuite> <!-- com.tecnotree.automatiom.File.Upload.Service.Test_010_BDC_PElab_3_SubFolder -->
