<?xml version="1.0" encoding="UTF-8"?>
<!-- Generated by org.testng.reporters.JUnitReportReporter -->
<testsuite hostname="BAKRGOUTH" failures="0" tests="1" name="com.tecnotree.automatiom.File.Upload.Service.Test_001_DifferentsFiles3" time="40.439" errors="0" timestamp="2024-04-18T17:51:11 IST" skipped="0">
  <testcase classname="com.tecnotree.automatiom.File.Upload.Service.Test_001_DifferentsFiles3" name="JSON" time="40.439"/>
</testsuite> <!-- com.tecnotree.automatiom.File.Upload.Service.Test_001_DifferentsFiles3 -->
