<?xml version="1.0" encoding="UTF-8"?>
<!-- Generated by org.testng.reporters.JUnitReportReporter -->
<testsuite hostname="BAKRGOUTH" failures="0" tests="15" name="com.tecnotree.automatiom.File.Upload.Service.Test_001_DifferentsFiles" time="109.041" errors="0" timestamp="2024-04-18T12:47:57 IST" skipped="0">
  <testcase classname="com.tecnotree.automatiom.File.Upload.Service.Test_001_DifferentsFiles" name="HTML" time="7.242"/>
  <testcase classname="com.tecnotree.automatiom.File.Upload.Service.Test_001_DifferentsFiles" name="SevenZFile" time="6.753"/>
  <testcase classname="com.tecnotree.automatiom.File.Upload.Service.Test_001_DifferentsFiles" name="JSON" time="6.695"/>
  <testcase classname="com.tecnotree.automatiom.File.Upload.Service.Test_001_DifferentsFiles" name="BPMN" time="9.650"/>
  <testcase classname="com.tecnotree.automatiom.File.Upload.Service.Test_001_DifferentsFiles" name="YMAL" time="7.354"/>
  <testcase classname="com.tecnotree.automatiom.File.Upload.Service.Test_001_DifferentsFiles" name="ZIP" time="6.612"/>
  <testcase classname="com.tecnotree.automatiom.File.Upload.Service.Test_001_DifferentsFiles" name="TXT" time="6.232"/>
  <testcase classname="com.tecnotree.automatiom.File.Upload.Service.Test_001_DifferentsFiles" name="SQl" time="6.399"/>
  <testcase classname="com.tecnotree.automatiom.File.Upload.Service.Test_001_DifferentsFiles" name="tar" time="11.878"/>
  <testcase classname="com.tecnotree.automatiom.File.Upload.Service.Test_001_DifferentsFiles" name="JPEG" time="7.349"/>
  <testcase classname="com.tecnotree.automatiom.File.Upload.Service.Test_001_DifferentsFiles" name="CSV" time="6.478"/>
  <testcase classname="com.tecnotree.automatiom.File.Upload.Service.Test_001_DifferentsFiles" name="XLX" time="6.716"/>
  <testcase classname="com.tecnotree.automatiom.File.Upload.Service.Test_001_DifferentsFiles" name="JPG" time="6.975"/>
  <testcase classname="com.tecnotree.automatiom.File.Upload.Service.Test_001_DifferentsFiles" name="PNG" time="6.482"/>
  <testcase classname="com.tecnotree.automatiom.File.Upload.Service.Test_001_DifferentsFiles" name="DMN" time="6.226"/>
</testsuite> <!-- com.tecnotree.automatiom.File.Upload.Service.Test_001_DifferentsFiles -->
