<?xml version="1.0" encoding="UTF-8"?>
<!-- Generated by org.testng.reporters.JUnitReportReporter -->
<testsuite hostname="BAKRGOUTH" failures="0" tests="1" name="com.tecnotree.automatiom.testcases.bulksSebrvices.usermethod.setmenthods" time="13.427" errors="0" timestamp="2023-12-26T22:59:47 IST" skipped="0">
  <testcase classname="com.tecnotree.automatiom.testcases.bulksSebrvices.usermethod.setmenthods" name="setup" time="13.427"/>
</testsuite> <!-- com.tecnotree.automatiom.testcases.bulksSebrvices.usermethod.setmenthods -->
