<?xml version="1.0" encoding="UTF-8"?>
<!-- Generated by org.testng.reporters.JUnitReportReporter -->
<testsuite hostname="BAKRGOUTH" failures="0" tests="1" name="com.tecnotree.automatiom.Listerns.TC2" time="0.005" errors="0" timestamp="2024-05-04T01:07:00 IST" skipped="0">
  <testcase classname="com.tecnotree.automatiom.Listerns.TC2" name="test4" time="0.005"/>
</testsuite> <!-- com.tecnotree.automatiom.Listerns.TC2 -->
