<?xml version="1.0" encoding="UTF-8"?>
<!-- Generated by org.testng.reporters.JUnitReportReporter -->
<testsuite hostname="BAKRGOUTH" failures="0" tests="2" name="com.tecnotree.automatiom.testcases.bulksServices.Resttestcases.Rest" time="58.279" errors="0" timestamp="2023-12-27T10:53:30 IST" skipped="0">
  <testcase classname="com.tecnotree.automatiom.testcases.bulksServices.Resttestcases.Rest" name="Processedfolder" time="30.814"/>
  <testcase classname="com.tecnotree.automatiom.testcases.bulksServices.Resttestcases.Rest" name="Processedfolder1" time="27.465"/>
</testsuite> <!-- com.tecnotree.automatiom.testcases.bulksServices.Resttestcases.Rest -->
