<?xml version="1.0" encoding="UTF-8"?>
<!-- Generated by org.testng.reporters.JUnitReportReporter -->
<testsuite hostname="BAKRGOUTH" failures="0" tests="15" name="com.tecnotree.automatiom.File.Upload.Service.Test_005_port_22_17_wrongPath" time="41.905" errors="0" timestamp="2024-06-25T10:18:36 IST" skipped="0">
  <testcase classname="com.tecnotree.automatiom.File.Upload.Service.Test_005_port_22_17_wrongPath" name="DMN" time="2.348"/>
  <system-out>
    <![CDATA[ALL]]>
  </system-out>
  <testcase classname="com.tecnotree.automatiom.File.Upload.Service.Test_005_port_22_17_wrongPath" name="BPMN" time="2.634"/>
  <system-out>
    <![CDATA[ALL]]>
  </system-out>
  <testcase classname="com.tecnotree.automatiom.File.Upload.Service.Test_005_port_22_17_wrongPath" name="YMAL" time="2.409"/>
  <system-out>
    <![CDATA[ALL]]>
  </system-out>
  <testcase classname="com.tecnotree.automatiom.File.Upload.Service.Test_005_port_22_17_wrongPath" name="CSV" time="2.489"/>
  <system-out>
    <![CDATA[ALL]]>
  </system-out>
  <testcase classname="com.tecnotree.automatiom.File.Upload.Service.Test_005_port_22_17_wrongPath" name="TXT" time="2.413"/>
  <system-out>
    <![CDATA[ALL]]>
  </system-out>
  <testcase classname="com.tecnotree.automatiom.File.Upload.Service.Test_005_port_22_17_wrongPath" name="JSON" time="2.865"/>
  <system-out>
    <![CDATA[ALL]]>
  </system-out>
  <testcase classname="com.tecnotree.automatiom.File.Upload.Service.Test_005_port_22_17_wrongPath" name="HTML" time="2.443"/>
  <system-out>
    <![CDATA[ALL]]>
  </system-out>
  <testcase classname="com.tecnotree.automatiom.File.Upload.Service.Test_005_port_22_17_wrongPath" name="XLX" time="2.360"/>
  <system-out>
    <![CDATA[ALL]]>
  </system-out>
  <testcase classname="com.tecnotree.automatiom.File.Upload.Service.Test_005_port_22_17_wrongPath" name="SevenZFile" time="2.454"/>
  <system-out>
    <![CDATA[ALL]]>
  </system-out>
  <testcase classname="com.tecnotree.automatiom.File.Upload.Service.Test_005_port_22_17_wrongPath" name="SQl" time="3.195"/>
  <system-out>
    <![CDATA[ALL]]>
  </system-out>
  <testcase classname="com.tecnotree.automatiom.File.Upload.Service.Test_005_port_22_17_wrongPath" name="JPG" time="2.414"/>
  <system-out>
    <![CDATA[ALL]]>
  </system-out>
  <testcase classname="com.tecnotree.automatiom.File.Upload.Service.Test_005_port_22_17_wrongPath" name="tar" time="6.323"/>
  <system-out>
    <![CDATA[ALL]]>
  </system-out>
  <testcase classname="com.tecnotree.automatiom.File.Upload.Service.Test_005_port_22_17_wrongPath" name="ZIP" time="2.506"/>
  <system-out>
    <![CDATA[ALL]]>
  </system-out>
  <testcase classname="com.tecnotree.automatiom.File.Upload.Service.Test_005_port_22_17_wrongPath" name="PNG" time="2.755"/>
  <system-out>
    <![CDATA[ALL]]>
  </system-out>
  <testcase classname="com.tecnotree.automatiom.File.Upload.Service.Test_005_port_22_17_wrongPath" name="JPEG" time="2.297"/>
  <system-out>
    <![CDATA[ALL]]>
  </system-out>
</testsuite> <!-- com.tecnotree.automatiom.File.Upload.Service.Test_005_port_22_17_wrongPath -->
