<?xml version="1.0" encoding="UTF-8"?>
<!-- Generated by org.testng.reporters.JUnitReportReporter -->
<testsuite hostname="BAKRGOUTH" failures="0" tests="15" name="com.tecnotree.automatiom.File.Upload.Service.Test_004_BDC_PElab_WrongPath" time="61.867" errors="0" timestamp="2024-06-25T10:18:36 IST" skipped="0">
  <testcase classname="com.tecnotree.automatiom.File.Upload.Service.Test_004_BDC_PElab_WrongPath" name="JPEG" time="4.136"/>
  <system-out>
    <![CDATA[ALL]]>
  </system-out>
  <testcase classname="com.tecnotree.automatiom.File.Upload.Service.Test_004_BDC_PElab_WrongPath" name="tar" time="6.961"/>
  <system-out>
    <![CDATA[ALL]]>
  </system-out>
  <testcase classname="com.tecnotree.automatiom.File.Upload.Service.Test_004_BDC_PElab_WrongPath" name="TXT" time="3.487"/>
  <system-out>
    <![CDATA[ALL]]>
  </system-out>
  <testcase classname="com.tecnotree.automatiom.File.Upload.Service.Test_004_BDC_PElab_WrongPath" name="BPMN" time="4.234"/>
  <system-out>
    <![CDATA[ALL]]>
  </system-out>
  <testcase classname="com.tecnotree.automatiom.File.Upload.Service.Test_004_BDC_PElab_WrongPath" name="ZIP" time="3.723"/>
  <system-out>
    <![CDATA[ALL]]>
  </system-out>
  <testcase classname="com.tecnotree.automatiom.File.Upload.Service.Test_004_BDC_PElab_WrongPath" name="JSON" time="4.108"/>
  <system-out>
    <![CDATA[ALL]]>
  </system-out>
  <testcase classname="com.tecnotree.automatiom.File.Upload.Service.Test_004_BDC_PElab_WrongPath" name="DMN" time="3.504"/>
  <system-out>
    <![CDATA[ALL]]>
  </system-out>
  <testcase classname="com.tecnotree.automatiom.File.Upload.Service.Test_004_BDC_PElab_WrongPath" name="CSV" time="3.426"/>
  <system-out>
    <![CDATA[ALL]]>
  </system-out>
  <testcase classname="com.tecnotree.automatiom.File.Upload.Service.Test_004_BDC_PElab_WrongPath" name="PNG" time="3.531"/>
  <system-out>
    <![CDATA[ALL]]>
  </system-out>
  <testcase classname="com.tecnotree.automatiom.File.Upload.Service.Test_004_BDC_PElab_WrongPath" name="XLX" time="3.549"/>
  <system-out>
    <![CDATA[ALL]]>
  </system-out>
  <testcase classname="com.tecnotree.automatiom.File.Upload.Service.Test_004_BDC_PElab_WrongPath" name="HTML" time="3.819"/>
  <system-out>
    <![CDATA[ALL]]>
  </system-out>
  <testcase classname="com.tecnotree.automatiom.File.Upload.Service.Test_004_BDC_PElab_WrongPath" name="JPG" time="3.987"/>
  <system-out>
    <![CDATA[ALL]]>
  </system-out>
  <testcase classname="com.tecnotree.automatiom.File.Upload.Service.Test_004_BDC_PElab_WrongPath" name="SevenZFile" time="5.696"/>
  <system-out>
    <![CDATA[ALL]]>
  </system-out>
  <testcase classname="com.tecnotree.automatiom.File.Upload.Service.Test_004_BDC_PElab_WrongPath" name="SQl" time="3.790"/>
  <system-out>
    <![CDATA[ALL]]>
  </system-out>
  <testcase classname="com.tecnotree.automatiom.File.Upload.Service.Test_004_BDC_PElab_WrongPath" name="YMAL" time="3.916"/>
  <system-out>
    <![CDATA[ALL]]>
  </system-out>
</testsuite> <!-- com.tecnotree.automatiom.File.Upload.Service.Test_004_BDC_PElab_WrongPath -->
