<?xml version="1.0" encoding="UTF-8"?>
<!-- Generated by org.testng.reporters.JUnitReportReporter -->
<testsuite hostname="BAKRGOUTH" failures="0" tests="1" name="com.tecnotree.automatiom.testcases.dummy" time="2.041" errors="0" timestamp="2024-08-06T13:16:55 IST" skipped="0">
  <testcase classname="com.tecnotree.automatiom.testcases.dummy" name="form_dat111a" time="2.041"/>
  <system-out>
    <![CDATA[ALL]]>
  </system-out>
</testsuite> <!-- com.tecnotree.automatiom.testcases.dummy -->
