<?xml version="1.0" encoding="UTF-8"?>
<!-- Generated by org.testng.reporters.JUnitReportReporter -->
<testsuite hostname="BAKRGOUTH" failures="0" tests="15" name="com.tecnotree.automatiom.File.Upload.Service.Test_009_port_22_1_SubFolder" time="505.154" errors="0" timestamp="2024-06-25T10:18:36 IST" skipped="0">
  <testcase classname="com.tecnotree.automatiom.File.Upload.Service.Test_009_port_22_1_SubFolder" name="JPEG" time="27.738"/>
  <system-out>
    <![CDATA[ALL]]>
  </system-out>
  <testcase classname="com.tecnotree.automatiom.File.Upload.Service.Test_009_port_22_1_SubFolder" name="JPG" time="30.576"/>
  <system-out>
    <![CDATA[ALL]]>
  </system-out>
  <testcase classname="com.tecnotree.automatiom.File.Upload.Service.Test_009_port_22_1_SubFolder" name="XLX" time="28.611"/>
  <system-out>
    <![CDATA[ALL]]>
  </system-out>
  <testcase classname="com.tecnotree.automatiom.File.Upload.Service.Test_009_port_22_1_SubFolder" name="ZIP" time="30.058"/>
  <system-out>
    <![CDATA[ALL]]>
  </system-out>
  <testcase classname="com.tecnotree.automatiom.File.Upload.Service.Test_009_port_22_1_SubFolder" name="BPMN" time="27.858"/>
  <system-out>
    <![CDATA[ALL]]>
  </system-out>
  <testcase classname="com.tecnotree.automatiom.File.Upload.Service.Test_009_port_22_1_SubFolder" name="tar" time="83.827"/>
  <system-out>
    <![CDATA[ALL]]>
  </system-out>
  <testcase classname="com.tecnotree.automatiom.File.Upload.Service.Test_009_port_22_1_SubFolder" name="CSV" time="26.799"/>
  <system-out>
    <![CDATA[ALL]]>
  </system-out>
  <testcase classname="com.tecnotree.automatiom.File.Upload.Service.Test_009_port_22_1_SubFolder" name="DMN" time="42.348"/>
  <system-out>
    <![CDATA[ALL]]>
  </system-out>
  <testcase classname="com.tecnotree.automatiom.File.Upload.Service.Test_009_port_22_1_SubFolder" name="PNG" time="29.495"/>
  <system-out>
    <![CDATA[ALL]]>
  </system-out>
  <testcase classname="com.tecnotree.automatiom.File.Upload.Service.Test_009_port_22_1_SubFolder" name="TXT" time="30.795"/>
  <system-out>
    <![CDATA[ALL]]>
  </system-out>
  <testcase classname="com.tecnotree.automatiom.File.Upload.Service.Test_009_port_22_1_SubFolder" name="JSON" time="30.156"/>
  <system-out>
    <![CDATA[ALL]]>
  </system-out>
  <testcase classname="com.tecnotree.automatiom.File.Upload.Service.Test_009_port_22_1_SubFolder" name="HTML" time="29.178"/>
  <system-out>
    <![CDATA[ALL]]>
  </system-out>
  <testcase classname="com.tecnotree.automatiom.File.Upload.Service.Test_009_port_22_1_SubFolder" name="SQl" time="30.469"/>
  <system-out>
    <![CDATA[ALL]]>
  </system-out>
  <testcase classname="com.tecnotree.automatiom.File.Upload.Service.Test_009_port_22_1_SubFolder" name="YMAL" time="29.005"/>
  <system-out>
    <![CDATA[ALL]]>
  </system-out>
  <testcase classname="com.tecnotree.automatiom.File.Upload.Service.Test_009_port_22_1_SubFolder" name="SevenZFile" time="28.241"/>
  <system-out>
    <![CDATA[ALL]]>
  </system-out>
</testsuite> <!-- com.tecnotree.automatiom.File.Upload.Service.Test_009_port_22_1_SubFolder -->
