<?xml version="1.0" encoding="UTF-8"?>
<!-- Generated by org.testng.reporters.JUnitReportReporter -->
<testsuite hostname="BAKRGOUTH" failures="0" tests="1" name="com.test" time="0.015" errors="0" timestamp="2024-08-16T11:43:22 IST" skipped="0">
  <testcase classname="com.test" name="name" time="0.015"/>
  <system-out/>
</testsuite> <!-- com.test -->
