<?xml version="1.0" encoding="UTF-8"?>
<!-- Generated by org.testng.reporters.JUnitReportReporter -->
<testsuite hostname="BAKRGOUTH" failures="0" tests="1" name="test.ExtendReports" time="2.040" errors="0" timestamp="2024-05-03T15:14:57 IST" skipped="0">
  <testcase classname="test.ExtendReports" name="tess" time="2.040"/>
</testsuite> <!-- test.ExtendReports -->
