<?xml version="1.0" encoding="UTF-8"?>
<!-- Generated by org.testng.reporters.JUnitReportReporter -->
<testsuite hostname="BAKRGOUTH" failures="0" tests="2" name="com.tecnotree.automatiom.testcases.bulksServices.Resttestcases.BasicConfigu" time="55.168" errors="0" timestamp="2023-12-27T15:22:52 IST" skipped="0">
  <testcase classname="com.tecnotree.automatiom.testcases.bulksServices.Resttestcases.BasicConfigu" name="All_Mandatory_Fields_Compress_File" time="28.265"/>
  <testcase classname="com.tecnotree.automatiom.testcases.bulksServices.Resttestcases.BasicConfigu" name="BasicConfiguration" time="26.903"/>
</testsuite> <!-- com.tecnotree.automatiom.testcases.bulksServices.Resttestcases.BasicConfigu -->
