<?xml version="1.0" encoding="UTF-8"?>
<!-- Generated by org.testng.reporters.JUnitReportReporter -->
<testsuite hostname="BAKRGOUTH" failures="0" tests="2" name="com.tecnotree.automatiom.Listerns.TC1" time="0.020" errors="0" timestamp="2024-05-09T11:42:30 IST" skipped="0">
  <testcase classname="com.tecnotree.automatiom.Listerns.TC1" name="two" time="0.003"/>
  <system-out/>
  <testcase classname="com.tecnotree.automatiom.Listerns.TC1" name="one" time="0.017"/>
  <system-out/>
</testsuite> <!-- com.tecnotree.automatiom.Listerns.TC1 -->
