<?xml version="1.0" encoding="UTF-8"?>
<!-- Generated by org.testng.reporters.JUnitReportReporter -->
<testsuite hostname="BAKRGOUTH" failures="0" tests="2" name="com.tecnotree.automatiom.jsondataprovide.JsonValuesreads" time="0.042" errors="0" timestamp="2024-08-12T12:50:55 IST" skipped="0">
  <testcase classname="com.tecnotree.automatiom.jsondataprovide.JsonValuesreads" name="testMethod" time="0.025"/>
  <system-out/>
  <testcase classname="com.tecnotree.automatiom.jsondataprovide.JsonValuesreads" name="testMethod" time="0.017"/>
  <system-out/>
</testsuite> <!-- com.tecnotree.automatiom.jsondataprovide.JsonValuesreads -->
