<?xml version="1.0" encoding="UTF-8"?>
<!-- Generated by org.testng.reporters.JUnitReportReporter -->
<testsuite hostname="BAKRGOUTH" failures="0" tests="6" name="com.tecnotree.automatiom.utilities.CsvDataProvider" time="0.013" errors="0" timestamp="2024-08-02T12:10:33 IST" skipped="0">
  <testcase classname="com.tecnotree.automatiom.utilities.CsvDataProvider" name="testMethod1" time="0.001"/>
  <testcase classname="com.tecnotree.automatiom.utilities.CsvDataProvider" name="testMethod2" time="0.001"/>
  <testcase classname="com.tecnotree.automatiom.utilities.CsvDataProvider" name="testMethod" time="0.001"/>
  <testcase classname="com.tecnotree.automatiom.utilities.CsvDataProvider" name="testMethod2" time="0.002"/>
  <testcase classname="com.tecnotree.automatiom.utilities.CsvDataProvider" name="testMethod" time="0.007"/>
  <testcase classname="com.tecnotree.automatiom.utilities.CsvDataProvider" name="testMethod1" time="0.001"/>
</testsuite> <!-- com.tecnotree.automatiom.utilities.CsvDataProvider -->
