<?xml version="1.0" encoding="UTF-8"?>
<!-- Generated by org.testng.reporters.JUnitReportReporter -->
<testsuite hostname="BAKRGOUTH" failures="0" tests="1" name="com.tecnotree.automatiom.testcases.bulksServices.Resttestcases.All_Mandatory_Fields" time="30.927" errors="0" timestamp="2023-12-28T12:20:33 IST" skipped="0">
  <testcase classname="com.tecnotree.automatiom.testcases.bulksServices.Resttestcases.All_Mandatory_Fields" name="All_Mandatory_Fields" time="30.927"/>
</testsuite> <!-- com.tecnotree.automatiom.testcases.bulksServices.Resttestcases.All_Mandatory_Fields -->
