<?xml version="1.0" encoding="UTF-8"?>
<!-- Generated by org.testng.reporters.JUnitReportReporter -->
<testsuite hostname="BAKRGOUTH" failures="0" tests="1" name="com.tecnotree.automatiom.sdas" time="0.085" errors="0" timestamp="2024-08-13T11:29:45 IST" skipped="0">
  <testcase classname="com.tecnotree.automatiom.sdas" name="testHelloWorld" time="0.085"/>
  <system-out/>
</testsuite> <!-- com.tecnotree.automatiom.sdas -->
