<?xml version="1.0" encoding="UTF-8"?>
<!-- Generated by org.testng.reporters.JUnitReportReporter -->
<testsuite hostname="BAKRGOUTH" failures="0" tests="10" name="test.ExcelDataProviderTest" time="0.053" errors="0" timestamp="2023-12-29T13:26:03 IST" skipped="0">
  <testcase classname="test.ExcelDataProviderTest" name="search" time="0.002"/>
  <testcase classname="test.ExcelDataProviderTest" name="search" time="0.004"/>
  <testcase classname="test.ExcelDataProviderTest" name="search" time="0.006"/>
  <testcase classname="test.ExcelDataProviderTest" name="search" time="0.006"/>
  <testcase classname="test.ExcelDataProviderTest" name="search" time="0.002"/>
  <testcase classname="test.ExcelDataProviderTest" name="search" time="0.003"/>
  <testcase classname="test.ExcelDataProviderTest" name="search" time="0.003"/>
  <testcase classname="test.ExcelDataProviderTest" name="search" time="0.002"/>
  <testcase classname="test.ExcelDataProviderTest" name="search" time="0.004"/>
  <testcase classname="test.ExcelDataProviderTest" name="search" time="0.021"/>
</testsuite> <!-- test.ExcelDataProviderTest -->
