<?xml version="1.0" encoding="UTF-8"?>
<!-- Generated by org.testng.reporters.JUnitReportReporter -->
<testsuite hostname="BAKRGOUTH" failures="0" tests="2" name="com.tecnotree.automatiom.jsondataprovide.testdataa" time="0.025" errors="0" timestamp="2024-08-12T13:48:34 IST" skipped="0">
  <testcase classname="com.tecnotree.automatiom.jsondataprovide.testdataa" name="dataProviders" time="0.002"/>
  <system-out/>
  <testcase classname="com.tecnotree.automatiom.jsondataprovide.testdataa" name="dataProviders" time="0.023"/>
  <system-out/>
</testsuite> <!-- com.tecnotree.automatiom.jsondataprovide.testdataa -->
