<?xml version="1.0" encoding="UTF-8"?>
<!-- Generated by org.testng.reporters.JUnitReportReporter -->
<testsuite hostname="BAKRGOUTH" failures="0" tests="3" name="com.tecnotree.automatiom.File.Upload.Service.Test_011_largeFiles" time="21.601" errors="0" timestamp="2024-04-23T14:03:22 IST" skipped="0">
  <testcase classname="com.tecnotree.automatiom.File.Upload.Service.Test_011_largeFiles" name="testMasterDataUpdateLocalIPAndPort" time="12.811"/>
  <testcase classname="com.tecnotree.automatiom.File.Upload.Service.Test_011_largeFiles" name="testMasterDataUpdateBulkIP" time="6.697"/>
  <testcase classname="com.tecnotree.automatiom.File.Upload.Service.Test_011_largeFiles" name="testMasterDataUpdateLocalIPS" time="2.093"/>
</testsuite> <!-- com.tecnotree.automatiom.File.Upload.Service.Test_011_largeFiles -->
