<?xml version="1.0" encoding="UTF-8"?>
<!-- Generated by org.testng.reporters.JUnitReportReporter -->
<testsuite hostname="BAKRGOUTH" failures="0" tests="1" name="com.tecnotree.automatiom.testcases.bulksServices.Resttestcases.ErrorFolder" time="25.521" errors="0" timestamp="2023-12-29T15:23:47 IST" skipped="0">
  <testcase classname="com.tecnotree.automatiom.testcases.bulksServices.Resttestcases.ErrorFolder" name="ErrorFolder" time="25.521"/>
</testsuite> <!-- com.tecnotree.automatiom.testcases.bulksServices.Resttestcases.ErrorFolder -->
