<?xml version="1.0" encoding="UTF-8"?>
<!-- Generated by org.testng.reporters.JUnitReportReporter -->
<testsuite hostname="BAKRGOUTH" failures="0" tests="15" name="com.tecnotree.automatiom.File.Upload.Service.Test_001_BDC_PElab_WrongPath" time="89.501" errors="0" timestamp="2024-04-22T11:00:26 IST" skipped="0">
  <testcase classname="com.tecnotree.automatiom.File.Upload.Service.Test_001_BDC_PElab_WrongPath" name="HTML" time="5.808"/>
  <testcase classname="com.tecnotree.automatiom.File.Upload.Service.Test_001_BDC_PElab_WrongPath" name="JSON" time="5.821"/>
  <testcase classname="com.tecnotree.automatiom.File.Upload.Service.Test_001_BDC_PElab_WrongPath" name="PNG" time="5.620"/>
  <testcase classname="com.tecnotree.automatiom.File.Upload.Service.Test_001_BDC_PElab_WrongPath" name="tar" time="7.112"/>
  <testcase classname="com.tecnotree.automatiom.File.Upload.Service.Test_001_BDC_PElab_WrongPath" name="TXT" time="5.976"/>
  <testcase classname="com.tecnotree.automatiom.File.Upload.Service.Test_001_BDC_PElab_WrongPath" name="SevenZFile" time="5.789"/>
  <testcase classname="com.tecnotree.automatiom.File.Upload.Service.Test_001_BDC_PElab_WrongPath" name="XLX" time="5.678"/>
  <testcase classname="com.tecnotree.automatiom.File.Upload.Service.Test_001_BDC_PElab_WrongPath" name="JPG" time="6.128"/>
  <testcase classname="com.tecnotree.automatiom.File.Upload.Service.Test_001_BDC_PElab_WrongPath" name="BPMN" time="5.823"/>
  <testcase classname="com.tecnotree.automatiom.File.Upload.Service.Test_001_BDC_PElab_WrongPath" name="SQl" time="5.870"/>
  <testcase classname="com.tecnotree.automatiom.File.Upload.Service.Test_001_BDC_PElab_WrongPath" name="YMAL" time="5.985"/>
  <testcase classname="com.tecnotree.automatiom.File.Upload.Service.Test_001_BDC_PElab_WrongPath" name="CSV" time="5.686"/>
  <testcase classname="com.tecnotree.automatiom.File.Upload.Service.Test_001_BDC_PElab_WrongPath" name="ZIP" time="6.085"/>
  <testcase classname="com.tecnotree.automatiom.File.Upload.Service.Test_001_BDC_PElab_WrongPath" name="JPEG" time="5.958"/>
  <testcase classname="com.tecnotree.automatiom.File.Upload.Service.Test_001_BDC_PElab_WrongPath" name="DMN" time="6.162"/>
</testsuite> <!-- com.tecnotree.automatiom.File.Upload.Service.Test_001_BDC_PElab_WrongPath -->
