<?xml version="1.0" encoding="UTF-8"?>
<!-- Generated by org.testng.reporters.JUnitReportReporter -->
<testsuite hostname="BAKRGOUTH" failures="0" tests="4" name="test.demo" time="0.024" errors="0" timestamp="2023-12-09T10:21:57 IST" skipped="0">
  <testcase classname="test.demo" name="test" time="0.015"/>
  <testcase classname="test.demo" name="test2" time="0.004"/>
  <testcase classname="test.demo" name="test2" time="0.003"/>
  <testcase classname="test.demo" name="test" time="0.002"/>
</testsuite> <!-- test.demo -->
