<?xml version="1.0" encoding="UTF-8"?>
<!-- Generated by org.testng.reporters.JUnitReportReporter -->
<testsuite hostname="BAKRGOUTH" failures="0" tests="15" name="com.tecnotree.automatiom.File.Upload.Service.Test_008_port_22_172" time="679.727" errors="0" timestamp="2024-04-23T12:01:59 IST" skipped="0">
  <testcase classname="com.tecnotree.automatiom.File.Upload.Service.Test_008_port_22_172" name="tar" time="127.454"/>
  <testcase classname="com.tecnotree.automatiom.File.Upload.Service.Test_008_port_22_172" name="YMAL" time="39.593"/>
  <testcase classname="com.tecnotree.automatiom.File.Upload.Service.Test_008_port_22_172" name="HTML" time="38.626"/>
  <testcase classname="com.tecnotree.automatiom.File.Upload.Service.Test_008_port_22_172" name="SevenZFile" time="37.296"/>
  <testcase classname="com.tecnotree.automatiom.File.Upload.Service.Test_008_port_22_172" name="TXT" time="37.211"/>
  <testcase classname="com.tecnotree.automatiom.File.Upload.Service.Test_008_port_22_172" name="BPMN" time="38.467"/>
  <testcase classname="com.tecnotree.automatiom.File.Upload.Service.Test_008_port_22_172" name="CSV" time="38.057"/>
  <testcase classname="com.tecnotree.automatiom.File.Upload.Service.Test_008_port_22_172" name="JPG" time="40.580"/>
  <testcase classname="com.tecnotree.automatiom.File.Upload.Service.Test_008_port_22_172" name="JSON" time="43.383"/>
  <testcase classname="com.tecnotree.automatiom.File.Upload.Service.Test_008_port_22_172" name="DMN" time="38.020"/>
  <testcase classname="com.tecnotree.automatiom.File.Upload.Service.Test_008_port_22_172" name="JPEG" time="38.431"/>
  <testcase classname="com.tecnotree.automatiom.File.Upload.Service.Test_008_port_22_172" name="PNG" time="39.146"/>
  <testcase classname="com.tecnotree.automatiom.File.Upload.Service.Test_008_port_22_172" name="XLX" time="37.541"/>
  <testcase classname="com.tecnotree.automatiom.File.Upload.Service.Test_008_port_22_172" name="SQl" time="43.654"/>
  <testcase classname="com.tecnotree.automatiom.File.Upload.Service.Test_008_port_22_172" name="ZIP" time="42.268"/>
</testsuite> <!-- com.tecnotree.automatiom.File.Upload.Service.Test_008_port_22_172 -->
