<?xml version="1.0" encoding="UTF-8"?>
<!-- Generated by org.testng.reporters.JUnitReportReporter -->
<testsuite hostname="BAKRGOUTH" failures="0" tests="3" name="test.tests" time="15.465" errors="0" timestamp="2023-12-27T10:14:23 IST" skipped="0">
  <testcase classname="test.tests" name="Processedfolder1" time="5.377"/>
  <testcase classname="test.tests" name="Processedfolder2" time="5.040"/>
  <testcase classname="test.tests" name="Processedfolder" time="5.048"/>
</testsuite> <!-- test.tests -->
