<?xml version="1.0" encoding="UTF-8"?>
<!-- Generated by org.testng.reporters.JUnitReportReporter -->
<testsuite hostname="BAKRGOUTH" failures="0" tests="3" name="com.tecnotree.automatiom.File.Upload.Service.Test_011_SubFolderDoesntExists" time="42.626" errors="0" timestamp="2024-06-25T10:18:36 IST" skipped="0">
  <testcase classname="com.tecnotree.automatiom.File.Upload.Service.Test_011_SubFolderDoesntExists" name="testMasterDataUpdateLocalIPS" time="5.841"/>
  <system-out>
    <![CDATA[ALL
ALL]]>
  </system-out>
  <testcase classname="com.tecnotree.automatiom.File.Upload.Service.Test_011_SubFolderDoesntExists" name="testMasterDataUpdateBulkIP" time="14.721"/>
  <system-out>
    <![CDATA[ALL
ALL]]>
  </system-out>
  <testcase classname="com.tecnotree.automatiom.File.Upload.Service.Test_011_SubFolderDoesntExists" name="testMasterDataUpdateLocalIPAndPort" time="22.064"/>
  <system-out>
    <![CDATA[ALL
ALL]]>
  </system-out>
</testsuite> <!-- com.tecnotree.automatiom.File.Upload.Service.Test_011_SubFolderDoesntExists -->
