<?xml version="1.0" encoding="UTF-8"?>
<!-- Generated by org.testng.reporters.JUnitReportReporter -->
<testsuite hostname="BAKRGOUTH" failures="0" tests="41" name="reportservice.test1" time="528.245" errors="0" timestamp="2024-09-12T15:53:43 IST" skipped="5">
  <testcase classname="reportservice.test1" name="test003" time="6.376"/>
  <testcase classname="reportservice.test1" name="test003" time="3.638"/>
  <testcase classname="reportservice.test1" name="test003" time="5.679"/>
  <testcase classname="reportservice.test1" name="test002" time="10.636"/>
  <testcase classname="reportservice.test1" name="test002" time="12.611"/>
  <testcase classname="reportservice.test1" name="test003" time="6.234"/>
  <testcase classname="reportservice.test1" name="test001" time="3.997"/>
  <testcase classname="reportservice.test1" name="test001" time="3.837"/>
  <testcase classname="reportservice.test1" name="test002" time="12.844"/>
  <testcase classname="reportservice.test1" name="test002" time="15.030"/>
  <testcase classname="reportservice.test1" name="test001" time="15.630"/>
  <testcase classname="reportservice.test1" name="test001" time="4.465"/>
  <testcase classname="reportservice.test1" name="test003" time="5.123"/>
  <testcase classname="reportservice.test1" name="test003" time="5.877"/>
  <testcase classname="reportservice.test1" name="test001" time="57.213"/>
  <testcase classname="reportservice.test1" name="test001" time="2.393">
    <skipped/>
  </testcase> <!-- test001 -->
  <testcase classname="reportservice.test1" name="test003" time="4.412"/>
  <testcase classname="reportservice.test1" name="test002" time="11.994"/>
  <testcase classname="reportservice.test1" name="test003" time="4.401"/>
  <testcase classname="reportservice.test1" name="test003" time="50.092">
    <skipped/>
  </testcase> <!-- test003 -->
  <testcase classname="reportservice.test1" name="test002" time="11.565"/>
  <testcase classname="reportservice.test1" name="test001" time="4.051"/>
  <testcase classname="reportservice.test1" name="test001" time="6.399"/>
  <testcase classname="reportservice.test1" name="test001" time="4.380"/>
  <testcase classname="reportservice.test1" name="test002" time="12.013"/>
  <testcase classname="reportservice.test1" name="test002" time="12.134"/>
  <testcase classname="reportservice.test1" name="test002" time="12.640"/>
  <testcase classname="reportservice.test1" name="test003" time="4.404"/>
  <testcase classname="reportservice.test1" name="test001" time="14.659"/>
  <testcase classname="reportservice.test1" name="test001" time="5.838"/>
  <testcase classname="reportservice.test1" name="test003" time="3.945"/>
  <testcase classname="reportservice.test1" name="test003" time="4.810"/>
  <testcase classname="reportservice.test1" name="test002" time="17.935"/>
  <testcase classname="reportservice.test1" name="test003" time="60.110">
    <skipped/>
  </testcase> <!-- test003 -->
  <testcase classname="reportservice.test1" name="test001" time="3.837"/>
  <testcase classname="reportservice.test1" name="test002" time="12.453"/>
  <testcase classname="reportservice.test1" name="test001" time="3.496"/>
  <testcase classname="reportservice.test1" name="test003" time="1.478">
    <skipped/>
  </testcase> <!-- test003 -->
  <testcase classname="reportservice.test1" name="test002" time="11.889"/>
  <testcase classname="reportservice.test1" name="test001" time="58.330">
    <skipped/>
  </testcase> <!-- test001 -->
  <testcase classname="reportservice.test1" name="test003" time="19.397"/>
</testsuite> <!-- reportservice.test1 -->
