<?xml version="1.0" encoding="UTF-8"?>
<!-- Generated by org.testng.reporters.JUnitReportReporter -->
<testsuite hostname="BAKRGOUTH" failures="0" tests="12" name="com.tecnotree.automatiom.jsondataprovide.requestpayload" time="0.202" errors="0" timestamp="2024-08-27T14:21:01 IST" skipped="0">
  <testcase classname="com.tecnotree.automatiom.jsondataprovide.requestpayload" name="dataproviders" time="0.007"/>
  <testcase classname="com.tecnotree.automatiom.jsondataprovide.requestpayload" name="dataproviders" time="0.003"/>
  <testcase classname="com.tecnotree.automatiom.jsondataprovide.requestpayload" name="dataproviders" time="0.003"/>
  <testcase classname="com.tecnotree.automatiom.jsondataprovide.requestpayload" name="dataproviders" time="0.007"/>
  <testcase classname="com.tecnotree.automatiom.jsondataprovide.requestpayload" name="dataproviders" time="0.004"/>
  <testcase classname="com.tecnotree.automatiom.jsondataprovide.requestpayload" name="dataproviders" time="0.002"/>
  <testcase classname="com.tecnotree.automatiom.jsondataprovide.requestpayload" name="dataproviders" time="0.005"/>
  <testcase classname="com.tecnotree.automatiom.jsondataprovide.requestpayload" name="dataproviders" time="0.137"/>
  <testcase classname="com.tecnotree.automatiom.jsondataprovide.requestpayload" name="dataproviders" time="0.004"/>
  <testcase classname="com.tecnotree.automatiom.jsondataprovide.requestpayload" name="dataproviders" time="0.004"/>
  <testcase classname="com.tecnotree.automatiom.jsondataprovide.requestpayload" name="dataproviders" time="0.023"/>
  <testcase classname="com.tecnotree.automatiom.jsondataprovide.requestpayload" name="dataproviders" time="0.003"/>
</testsuite> <!-- com.tecnotree.automatiom.jsondataprovide.requestpayload -->
