<?xml version="1.0" encoding="UTF-8"?>
<!-- Generated by org.testng.reporters.JUnitReportReporter -->
<testsuite hostname="BAKRGOUTH" failures="0" tests="14" name="reportservice.test2" time="153.383" errors="0" timestamp="2024-08-27T14:52:52 IST" skipped="2">
  <testcase classname="reportservice.test2" name="test003" time="4.207"/>
  <testcase classname="reportservice.test2" name="test003" time="2.352">
    <skipped/>
  </testcase> <!-- test003 -->
  <testcase classname="reportservice.test2" name="test003" time="3.453"/>
  <testcase classname="reportservice.test2" name="test003" time="3.628"/>
  <testcase classname="reportservice.test2" name="test003" time="33.498"/>
  <testcase classname="reportservice.test2" name="test003" time="5.133"/>
  <testcase classname="reportservice.test2" name="test003" time="3.267"/>
  <testcase classname="reportservice.test2" name="test003" time="4.154"/>
  <testcase classname="reportservice.test2" name="test003" time="6.055"/>
  <testcase classname="reportservice.test2" name="test003" time="5.661"/>
  <testcase classname="reportservice.test2" name="test003" time="4.253"/>
  <testcase classname="reportservice.test2" name="test003" time="3.879"/>
  <testcase classname="reportservice.test2" name="test003" time="45.852">
    <skipped/>
  </testcase> <!-- test003 -->
  <testcase classname="reportservice.test2" name="test003" time="27.991"/>
</testsuite> <!-- reportservice.test2 -->
