<?xml version="1.0" encoding="UTF-8"?>
<!-- Generated by org.testng.reporters.JUnitReportReporter -->
<testsuite hostname="BAKRGOUTH" failures="0" tests="26" name="reportservice.Password" time="295.194" errors="0" timestamp="2024-09-12T15:53:43 IST" skipped="2">
  <testcase classname="reportservice.Password" name="test005" time="10.851"/>
  <testcase classname="reportservice.Password" name="test004" time="60.103">
    <skipped/>
  </testcase> <!-- test004 -->
  <testcase classname="reportservice.Password" name="test005" time="12.292"/>
  <testcase classname="reportservice.Password" name="test004" time="11.108"/>
  <testcase classname="reportservice.Password" name="test005" time="12.737"/>
  <testcase classname="reportservice.Password" name="test004" time="4.826"/>
  <testcase classname="reportservice.Password" name="test004" time="4.884"/>
  <testcase classname="reportservice.Password" name="test005" time="10.898"/>
  <testcase classname="reportservice.Password" name="test004" time="4.207"/>
  <testcase classname="reportservice.Password" name="test004" time="4.444"/>
  <testcase classname="reportservice.Password" name="test005" time="12.756"/>
  <testcase classname="reportservice.Password" name="test004" time="9.340"/>
  <testcase classname="reportservice.Password" name="test004" time="10.464"/>
  <testcase classname="reportservice.Password" name="test005" time="12.580"/>
  <testcase classname="reportservice.Password" name="test004" time="3.076">
    <skipped/>
  </testcase> <!-- test004 -->
  <testcase classname="reportservice.Password" name="test005" time="12.314"/>
  <testcase classname="reportservice.Password" name="test004" time="20.020"/>
  <testcase classname="reportservice.Password" name="test005" time="12.025"/>
  <testcase classname="reportservice.Password" name="test004" time="5.512"/>
  <testcase classname="reportservice.Password" name="test005" time="11.654"/>
  <testcase classname="reportservice.Password" name="test005" time="12.418"/>
  <testcase classname="reportservice.Password" name="test004" time="5.095"/>
  <testcase classname="reportservice.Password" name="test005" time="11.393"/>
  <testcase classname="reportservice.Password" name="test004" time="3.713"/>
  <testcase classname="reportservice.Password" name="test004" time="5.878"/>
  <testcase classname="reportservice.Password" name="test005" time="10.606"/>
</testsuite> <!-- reportservice.Password -->
